TN:
SF:C:\xampp\htdocs\AutoMart/index.js
FN:11,(anonymous_1)
FN:21,(anonymous_2)
FN:25,(anonymous_3)
FNF:3
FNH:2
FNDA:29,(anonymous_1)
FNDA:1,(anonymous_2)
FNDA:0,(anonymous_3)
DA:1,1
DA:2,1
DA:3,1
DA:4,1
DA:5,1
DA:6,1
DA:7,1
DA:10,1
DA:11,1
DA:12,29
DA:13,0
DA:14,29
DA:16,1
DA:19,1
DA:21,1
DA:22,1
DA:25,1
DA:26,0
DA:29,1
LF:19
LH:17
BRDA:7,0,0,1
BRDA:7,0,1,1
BRDA:12,1,0,0
BRDA:12,1,1,29
BRF:4
BRH:3
end_of_record
TN:
SF:C:\xampp\htdocs\AutoMart\server\controllers/auth_controller.js
FN:6,(anonymous_1)
FN:25,(anonymous_2)
FN:51,(anonymous_3)
FN:58,(anonymous_4)
FN:76,(anonymous_5)
FNF:5
FNH:4
FNDA:1,(anonymous_1)
FNDA:6,(anonymous_2)
FNDA:1,(anonymous_3)
FNDA:1,(anonymous_4)
FNDA:0,(anonymous_5)
DA:1,1
DA:2,1
DA:3,1
DA:4,1
DA:7,1
DA:8,1
DA:9,1
DA:10,1
DA:17,0
DA:26,6
DA:27,6
DA:28,4
DA:29,4
DA:37,2
DA:38,1
DA:39,1
DA:40,1
DA:42,0
DA:44,1
DA:52,1
DA:59,1
DA:60,1
DA:61,1
DA:62,1
DA:63,1
DA:64,1
DA:65,1
DA:66,1
DA:72,0
DA:77,0
DA:78,0
DA:79,0
DA:80,0
DA:82,0
DA:85,0
DA:89,1
LF:36
LH:27
BRDA:8,0,0,1
BRDA:8,0,1,0
BRDA:27,1,0,4
BRDA:27,1,1,2
BRDA:37,2,0,1
BRDA:37,2,1,1
BRDA:39,3,0,1
BRDA:39,3,1,0
BRDA:60,4,0,1
BRDA:60,4,1,0
BRDA:62,5,0,1
BRDA:62,5,1,0
BRDA:77,6,0,0
BRDA:77,6,1,0
BRDA:79,7,0,0
BRDA:79,7,1,0
BRF:16
BRH:8
end_of_record
TN:
SF:C:\xampp\htdocs\AutoMart\server\controllers/cars_controller.js
FN:15,(anonymous_1)
FN:29,(anonymous_2)
FN:33,(anonymous_3)
FN:52,(anonymous_4)
FN:71,(anonymous_5)
FN:83,(anonymous_6)
FN:88,(anonymous_7)
FN:92,(anonymous_8)
FN:96,(anonymous_9)
FN:101,(anonymous_10)
FN:106,(anonymous_11)
FN:111,(anonymous_12)
FN:116,(anonymous_13)
FN:122,(anonymous_14)
FNF:14
FNH:13
FNDA:2,(anonymous_1)
FNDA:2,(anonymous_2)
FNDA:0,(anonymous_3)
FNDA:1,(anonymous_4)
FNDA:1,(anonymous_5)
FNDA:2,(anonymous_6)
FNDA:7,(anonymous_7)
FNDA:35,(anonymous_8)
FNDA:20,(anonymous_9)
FNDA:2,(anonymous_10)
FNDA:2,(anonymous_11)
FNDA:2,(anonymous_12)
FNDA:10,(anonymous_13)
FNDA:1,(anonymous_14)
DA:1,1
DA:3,1
DA:4,1
DA:5,1
DA:7,1
DA:13,1
DA:16,2
DA:17,2
DA:18,2
DA:21,0
DA:30,2
DA:31,2
DA:32,2
DA:33,0
DA:34,0
DA:35,0
DA:36,0
DA:45,2
DA:53,1
DA:54,1
DA:55,1
DA:56,1
DA:57,1
DA:58,1
DA:59,1
DA:62,0
DA:67,0
DA:72,1
DA:73,1
DA:74,1
DA:75,1
DA:76,1
DA:79,0
DA:84,2
DA:85,2
DA:89,7
DA:91,7
DA:93,35
DA:95,7
DA:96,4
DA:97,20
DA:100,7
DA:101,1
DA:102,2
DA:105,7
DA:106,1
DA:107,2
DA:110,7
DA:111,1
DA:112,2
DA:115,7
DA:116,2
DA:117,10
DA:120,7
DA:123,1
DA:124,1
DA:126,0
DA:130,1
LF:58
LH:49
BRDA:17,0,0,2
BRDA:17,0,1,0
BRDA:30,1,0,2
BRDA:30,1,1,0
BRDA:32,2,0,0
BRDA:32,2,1,2
BRDA:35,3,0,0
BRDA:35,3,1,0
BRDA:54,4,0,1
BRDA:54,4,1,0
BRDA:55,5,0,1
BRDA:55,5,1,0
BRDA:73,6,0,1
BRDA:73,6,1,0
BRDA:95,7,0,4
BRDA:95,7,1,3
BRDA:97,8,0,20
BRDA:97,8,1,8
BRDA:100,9,0,1
BRDA:100,9,1,6
BRDA:100,10,0,7
BRDA:100,10,1,4
BRDA:100,10,2,1
BRDA:102,11,0,2
BRDA:102,11,1,2
BRDA:102,11,2,0
BRDA:105,12,0,1
BRDA:105,12,1,6
BRDA:105,13,0,7
BRDA:105,13,1,4
BRDA:107,14,0,2
BRDA:107,14,1,2
BRDA:110,15,0,1
BRDA:110,15,1,6
BRDA:110,16,0,7
BRDA:110,16,1,4
BRDA:112,17,0,2
BRDA:112,17,1,1
BRDA:115,18,0,2
BRDA:115,18,1,5
BRDA:123,19,0,1
BRDA:123,19,1,0
BRF:42
BRH:32
end_of_record
TN:
SF:C:\xampp\htdocs\AutoMart\server\controllers/flags_controller.js
FN:4,(anonymous_1)
FNF:1
FNH:1
FNDA:1,(anonymous_1)
DA:1,1
DA:2,1
DA:5,1
DA:6,1
DA:18,1
LF:5
LH:5
BRF:0
BRH:0
end_of_record
TN:
SF:C:\xampp\htdocs\AutoMart\server\controllers/orders_controller.js
FN:5,(anonymous_1)
FN:23,(anonymous_2)
FNF:2
FNH:2
FNDA:2,(anonymous_1)
FNDA:1,(anonymous_2)
DA:1,1
DA:2,1
DA:3,1
DA:6,2
DA:7,1
DA:8,1
DA:15,0
DA:24,1
DA:25,1
DA:26,1
DA:28,0
DA:32,1
LF:12
LH:10
BRDA:7,0,0,1
BRDA:7,0,1,0
BRDA:25,1,0,1
BRDA:25,1,1,0
BRF:4
BRH:2
end_of_record
TN:
SF:C:\xampp\htdocs\AutoMart\server\helpers/index.js
FN:8,(anonymous_1)
FN:20,(anonymous_2)
FN:24,(anonymous_3)
FNF:3
FNH:3
FNDA:5,(anonymous_1)
FNDA:1,(anonymous_2)
FNDA:1,(anonymous_3)
DA:1,1
DA:2,1
DA:3,1
DA:4,1
DA:5,1
DA:6,1
DA:9,5
DA:17,5
DA:18,5
DA:21,1
DA:22,1
DA:25,1
DA:26,1
DA:27,1
DA:28,1
DA:29,1
DA:30,0
DA:34,1
LF:18
LH:17
BRDA:26,0,0,1
BRDA:26,0,1,0
BRDA:28,1,0,1
BRDA:28,1,1,0
BRF:4
BRH:2
end_of_record
TN:
SF:C:\xampp\htdocs\AutoMart\server\middlewares/authValidation.js
FN:7,(anonymous_1)
FN:35,(anonymous_2)
FN:52,(anonymous_3)
FN:64,(anonymous_4)
FN:84,(anonymous_5)
FN:91,(anonymous_6)
FNF:6
FNH:6
FNDA:2,(anonymous_1)
FNDA:6,(anonymous_2)
FNDA:10,(anonymous_3)
FNDA:3,(anonymous_4)
FNDA:2,(anonymous_5)
FNDA:1,(anonymous_6)
DA:1,1
DA:2,1
DA:3,1
DA:5,1
DA:6,1
DA:9,2
DA:11,2
DA:12,0
DA:15,2
DA:16,0
DA:20,2
DA:21,0
DA:25,2
DA:26,0
DA:29,2
DA:30,0
DA:31,2
DA:32,2
DA:36,6
DA:38,6
DA:39,5
DA:40,1
DA:43,5
DA:44,1
DA:47,6
DA:48,1
DA:49,6
DA:50,6
DA:53,10
DA:54,10
DA:55,10
DA:56,10
DA:57,10
DA:60,0
DA:62,10
DA:66,3
DA:68,3
DA:69,2
DA:70,0
DA:72,2
DA:73,2
DA:74,0
DA:78,1
DA:82,2
DA:85,2
DA:86,1
DA:88,1
DA:92,1
DA:93,1
DA:94,1
DA:95,0
DA:97,1
DA:101,1
LF:53
LH:44
BRDA:11,0,0,0
BRDA:11,0,1,2
BRDA:15,1,0,0
BRDA:15,1,1,2
BRDA:20,2,0,0
BRDA:20,2,1,2
BRDA:25,3,0,0
BRDA:25,3,1,2
BRDA:29,4,0,0
BRDA:29,4,1,2
BRDA:38,5,0,5
BRDA:38,5,1,1
BRDA:39,6,0,1
BRDA:39,6,1,4
BRDA:43,7,0,1
BRDA:43,7,1,4
BRDA:47,8,0,1
BRDA:47,8,1,5
BRDA:53,9,0,10
BRDA:53,9,1,0
BRDA:54,10,0,10
BRDA:54,10,1,0
BRDA:54,11,0,10
BRDA:54,11,1,10
BRDA:54,11,2,10
BRDA:54,11,3,10
BRDA:56,12,0,0
BRDA:56,12,1,10
BRDA:68,13,0,2
BRDA:68,13,1,1
BRDA:68,14,0,3
BRDA:68,14,1,2
BRDA:69,15,0,0
BRDA:69,15,1,2
BRDA:72,16,0,2
BRDA:72,16,1,2
BRDA:73,17,0,0
BRDA:73,17,1,2
BRDA:73,18,0,2
BRDA:73,18,1,2
BRDA:85,19,0,1
BRDA:85,19,1,1
BRDA:94,20,0,0
BRDA:94,20,1,1
BRF:44
BRH:33
end_of_record
TN:
SF:C:\xampp\htdocs\AutoMart\server\middlewares/carsValidations.js
FN:4,(anonymous_1)
FN:43,(anonymous_2)
FNF:2
FNH:2
FNDA:2,(anonymous_1)
FNDA:4,(anonymous_2)
DA:1,1
DA:2,1
DA:3,1
DA:6,2
DA:7,2
DA:9,2
DA:10,1
DA:13,2
DA:14,1
DA:18,2
DA:19,1
DA:23,2
DA:24,1
DA:28,2
DA:29,1
DA:33,2
DA:34,1
DA:37,2
DA:38,1
DA:39,2
DA:40,2
DA:44,4
DA:45,4
DA:46,1
DA:48,4
DA:52,1
LF:26
LH:26
BRDA:9,0,0,1
BRDA:9,0,1,1
BRDA:13,1,0,1
BRDA:13,1,1,1
BRDA:18,2,0,1
BRDA:18,2,1,1
BRDA:23,3,0,1
BRDA:23,3,1,1
BRDA:28,4,0,1
BRDA:28,4,1,1
BRDA:33,5,0,1
BRDA:33,5,1,1
BRDA:37,6,0,1
BRDA:37,6,1,1
BRDA:45,7,0,1
BRDA:45,7,1,3
BRF:16
BRH:16
end_of_record
TN:
SF:C:\xampp\htdocs\AutoMart\server\middlewares/ordersValidations.js
FN:6,(anonymous_1)
FN:30,(anonymous_2)
FNF:2
FNH:2
FNDA:2,(anonymous_1)
FNDA:1,(anonymous_2)
DA:1,1
DA:2,1
DA:3,1
DA:4,1
DA:5,1
DA:8,2
DA:9,2
DA:11,2
DA:13,1
DA:14,0
DA:17,1
DA:20,2
DA:21,1
DA:24,2
DA:25,1
DA:26,2
DA:27,2
DA:31,1
DA:32,1
DA:33,1
DA:34,1
DA:35,0
DA:38,1
DA:40,1
DA:45,1
DA:46,0
DA:47,1
DA:48,1
DA:52,1
LF:29
LH:26
BRDA:11,0,0,1
BRDA:11,0,1,1
BRDA:13,1,0,0
BRDA:13,1,1,1
BRDA:20,2,0,1
BRDA:20,2,1,1
BRDA:24,3,0,1
BRDA:24,3,1,1
BRDA:34,4,0,0
BRDA:34,4,1,1
BRDA:38,5,0,0
BRDA:38,5,1,1
BRDA:41,6,0,0
BRDA:41,6,1,1
BRDA:45,7,0,0
BRDA:45,7,1,1
BRF:16
BRH:11
end_of_record
TN:
SF:C:\xampp\htdocs\AutoMart\server\models/cars.js
FN:6,(anonymous_1)
FN:9,(anonymous_2)
FN:12,(anonymous_3)
FN:22,(anonymous_4)
FN:25,(anonymous_5)
FN:33,(anonymous_6)
FNF:6
FNH:5
FNDA:0,(anonymous_1)
FNDA:2,(anonymous_2)
FNDA:2,(anonymous_3)
FNDA:3,(anonymous_4)
FNDA:1,(anonymous_5)
FNDA:1,(anonymous_6)
DA:1,1
DA:2,1
DA:4,1
DA:7,0
DA:10,2
DA:13,2
DA:14,2
DA:15,2
DA:16,2
DA:17,2
DA:18,2
DA:19,2
DA:23,3
DA:26,1
DA:27,1
DA:28,1
DA:29,1
DA:31,0
DA:34,1
DA:35,1
DA:36,1
DA:37,1
DA:38,1
DA:40,0
DA:44,1
DA:45,1
LF:26
LH:23
BRDA:23,0,0,3
BRDA:23,0,1,0
BRDA:27,1,0,1
BRDA:27,1,1,0
BRDA:27,2,0,1
BRDA:27,2,1,1
BRDA:36,3,0,1
BRDA:36,3,1,0
BRF:8
BRH:5
end_of_record
TN:
SF:C:\xampp\htdocs\AutoMart\server\models/db.js
FN:84,(anonymous_0)
FN:85,(anonymous_1)
FN:89,(anonymous_2)
FNF:3
FNH:3
FNDA:30,(anonymous_0)
FNDA:47,(anonymous_1)
FNDA:6,(anonymous_2)
DA:1,1
DA:85,30
DA:86,47
DA:90,6
DA:95,1
LF:5
LH:5
BRF:0
BRH:0
end_of_record
TN:
SF:C:\xampp\htdocs\AutoMart\server\models/flags.js
FN:5,(anonymous_1)
FN:8,(anonymous_2)
FNF:2
FNH:2
FNDA:1,(anonymous_1)
FNDA:1,(anonymous_2)
DA:1,1
DA:2,1
DA:6,1
DA:9,1
DA:10,1
DA:11,1
DA:12,1
DA:13,1
DA:14,1
DA:15,1
DA:19,1
DA:20,1
LF:12
LH:12
BRF:0
BRH:0
end_of_record
TN:
SF:C:\xampp\htdocs\AutoMart\server\models/orders.js
FN:6,(anonymous_1)
FN:9,(anonymous_2)
FN:21,(anonymous_3)
FNF:3
FNH:3
FNDA:2,(anonymous_1)
FNDA:2,(anonymous_2)
FNDA:1,(anonymous_3)
DA:1,1
DA:2,1
DA:3,1
DA:7,2
DA:10,2
DA:11,2
DA:12,2
DA:14,2
DA:15,2
DA:16,2
DA:17,2
DA:18,1
DA:22,1
DA:23,1
DA:24,1
DA:25,1
DA:26,1
DA:27,1
DA:32,1
DA:33,1
LF:20
LH:20
BRDA:23,0,0,1
BRDA:23,0,1,0
BRF:2
BRH:1
end_of_record
TN:
SF:C:\xampp\htdocs\AutoMart\server\models/users.js
FN:9,(anonymous_1)
FN:12,(anonymous_2)
FN:15,(anonymous_3)
FN:18,(anonymous_4)
FN:25,(anonymous_5)
FN:26,(anonymous_6)
FN:30,(anonymous_7)
FN:31,(anonymous_8)
FN:35,(anonymous_9)
FN:38,(anonymous_10)
FN:42,(anonymous_11)
FNF:11
FNH:10
FNDA:5,(anonymous_1)
FNDA:22,(anonymous_2)
FNDA:1,(anonymous_3)
FNDA:1,(anonymous_4)
FNDA:6,(anonymous_5)
FNDA:10,(anonymous_6)
FNDA:2,(anonymous_7)
FNDA:5,(anonymous_8)
FNDA:10,(anonymous_9)
FNDA:9,(anonymous_10)
FNDA:0,(anonymous_11)
DA:1,1
DA:2,1
DA:4,1
DA:5,1
DA:6,1
DA:10,5
DA:13,22
DA:16,1
DA:19,1
DA:20,1
DA:22,1
DA:23,1
DA:26,6
DA:27,10
DA:31,2
DA:32,5
DA:36,10
DA:39,9
DA:43,0
DA:44,0
DA:45,0
DA:46,0
DA:47,0
DA:48,0
DA:50,0
DA:52,0
DA:57,1
DA:58,1
LF:28
LH:20
BRDA:27,0,0,10
BRDA:27,0,1,4
BRDA:45,1,0,0
BRDA:45,1,1,0
BRDA:46,2,0,0
BRDA:46,2,1,0
BRDA:46,3,0,0
BRDA:46,3,1,0
BRDA:46,3,2,0
BRDA:46,3,3,0
BRF:10
BRH:2
end_of_record
TN:
SF:C:\xampp\htdocs\AutoMart\server\routes/auth.js
FNF:0
FNH:0
DA:1,1
DA:2,1
DA:3,1
DA:5,1
DA:7,1
DA:13,1
LF:6
LH:6
BRF:0
BRH:0
end_of_record
TN:
SF:C:\xampp\htdocs\AutoMart\server\routes/cars.js
FNF:0
FNH:0
DA:1,1
DA:2,1
DA:3,1
DA:4,1
DA:5,1
DA:7,1
DA:14,1
LF:7
LH:7
BRF:0
BRH:0
end_of_record
TN:
SF:C:\xampp\htdocs\AutoMart\server\routes/flags.js
FNF:0
FNH:0
DA:1,1
DA:2,1
DA:3,1
DA:4,1
DA:5,1
DA:7,1
DA:9,1
LF:7
LH:7
BRF:0
BRH:0
end_of_record
TN:
SF:C:\xampp\htdocs\AutoMart\server\routes/index.js
FN:13,(anonymous_1)
FNF:1
FNH:0
FNDA:0,(anonymous_1)
DA:1,1
DA:2,1
DA:3,1
DA:4,1
DA:5,1
DA:6,1
DA:8,1
DA:9,1
DA:10,1
DA:11,1
DA:12,1
DA:13,1
DA:14,0
DA:17,1
LF:14
LH:13
BRF:0
BRH:0
end_of_record
TN:
SF:C:\xampp\htdocs\AutoMart\server\routes/orders.js
FNF:0
FNH:0
DA:1,1
DA:2,1
DA:3,1
DA:4,1
DA:5,1
DA:7,1
DA:11,1
LF:7
LH:7
BRF:0
BRH:0
end_of_record
